                                 Started job on |	Oct 18 09:35:55
                             Started mapping on |	Oct 18 09:36:22
                                    Finished on |	Oct 18 09:36:26
       Mapping speed, Million of reads per hour |	0.09

                          Number of input reads |	100
                      Average input read length |	150
                                    UNIQUE READS:
                   Uniquely mapped reads number |	88
                        Uniquely mapped reads % |	88.00%
                          Average mapped length |	149.90
                       Number of splices: Total |	0
            Number of splices: Annotated (sjdb) |	0
                       Number of splices: GT/AG |	0
                       Number of splices: GC/AG |	0
                       Number of splices: AT/AC |	0
               Number of splices: Non-canonical |	0
                      Mismatch rate per base, % |	0.24%
                         Deletion rate per base |	0.00%
                        Deletion average length |	0.00
                        Insertion rate per base |	0.00%
                       Insertion average length |	0.00
                             MULTI-MAPPING READS:
        Number of reads mapped to multiple loci |	8
             % of reads mapped to multiple loci |	8.00%
        Number of reads mapped to too many loci |	1
             % of reads mapped to too many loci |	1.00%
                                  UNMAPPED READS:
  Number of reads unmapped: too many mismatches |	0
       % of reads unmapped: too many mismatches |	0.00%
            Number of reads unmapped: too short |	1
                 % of reads unmapped: too short |	1.00%
                Number of reads unmapped: other |	2
                     % of reads unmapped: other |	2.00%
                                  CHIMERIC READS:
                       Number of chimeric reads |	0
                            % of chimeric reads |	0.00%
